"Connected to MongoDB"
"try getting"
[]
"Connected to MongoDB"
"Process bilibili bstation, Done."
"now dowloadPictureRunner use interval"
"now job is null, starting use interval"
"now job is null, starting use interval"
"now job is null, starting use interval"
"dowloadPicture job: 9b228595fad8608e11f77f78c90677d1df0625e8.png@600w_800h_1e_1c_1f.webp already exist"
"now dowloadPictureRunner use interval"
{}
"working error"
"now job is null, starting use interval"
"Connected to MongoDB"
"try getting"
[]
"Connected to MongoDB"
"Process bilibili bstation, Done."
"now dowloadPictureRunner use interval"
"now job is null, starting use interval"
"now job is null, starting use interval"
"now job is null, starting use interval"
"dowloadPicture job: 9b228595fad8608e11f77f78c90677d1df0625e8.png@600w_800h_1e_1c_1f.webp already exist"
"now dowloadPictureRunner use interval"
"now job is null, starting use interval"
{}
"job: undefined, Error"
"creating dir"
"subtitles ok"
"job: undefined, success"
"subtitles ok"
"job: undefined, success"
"subtitles ok"
"job: undefined, success"
"subtitles ok"
"job: undefined, success"
"subtitles ok"
"job: undefined, success"
"subtitles ok"
"job: undefined, success"
"subtitles ok"
"job: undefined, success"
"subtitles ok"
"job: undefined, success"
"subtitles ok"
"Connected to MongoDB"
"try getting"
[]
"Connected to MongoDB"
"Process bilibili bstation, Done."
"now dowloadPictureRunner use interval"
"creating dir"
"subtitles ok"
"now job is null, starting use interval"
"now job is null, starting use interval"
"job: undefined, success"
"subtitles ok"
"job: undefined, success"
"subtitles ok"
"Connected to MongoDB"
"Process bilibili bstation, Done."
"now dowloadPictureRunner use interval"
"now job is null, starting use interval"
"now job is null, starting use interval"
"now job is null, starting use interval"
"dowloadPicture job: 9b228595fad8608e11f77f78c90677d1df0625e8.png@600w_800h_1e_1c_1f.webp already exist"
"now dowloadPictureRunner use interval"
{"name":"ProtocolError","message":"Protocol error (DOM.resolveNode): Node with given id does not belong to the document"}
"working error"
"now job is null, starting use interval"
"Connected to MongoDB"
"try getting"
[]
"Connected to MongoDB"
"Process bilibili bstation, Done."
"now dowloadPictureRunner use interval"
"now job is null, starting use interval"
"now job is null, starting use interval"
"now job is null, starting use interval"
"dowloadPicture job: 9b228595fad8608e11f77f78c90677d1df0625e8.png@600w_800h_1e_1c_1f.webp already exist"
"now dowloadPictureRunner use interval"
{}
"working error"
"now job is null, starting use interval"
"Connected to MongoDB"
"Process bilibili bstation, Done."
"now dowloadPictureRunner use interval"
"now job is null, starting use interval"
"now job is null, starting use interval"
"Connected to MongoDB"
"try getting"
[]
"now job is null, starting use interval"
"dowloadPicture job: 9b228595fad8608e11f77f78c90677d1df0625e8.png@600w_800h_1e_1c_1f.webp already exist"
"now dowloadPictureRunner use interval"
"now job is null, starting use interval"
{}
"job: undefined, Error"
"creating dir"
"subtitles ok"
"job: undefined, success"
"subtitles ok"
"job: undefined, success"
"subtitles ok"
"job: undefined, success"
"subtitles ok"
"job: undefined, success"
"Connected to MongoDB"
"Process bilibili bstation, Done."
"now dowloadPictureRunner use interval"
"now job is null, starting use interval"
"now job is null, starting use interval"
"Connected to MongoDB"
"try getting"
[]
"now job is null, starting use interval"
"dowloadPicture job: 9b228595fad8608e11f77f78c90677d1df0625e8.png@600w_800h_1e_1c_1f.webp already exist"
"now dowloadPictureRunner use interval"
"now job is null, starting use interval"
{}
"job: undefined, Error"
"subtitles ok"
"job: undefined, success"
"subtitles ok"
"Connected to MongoDB"
"try getting"
[]
"Connected to MongoDB"
"Process bilibili bstation, Done."
"now dowloadPictureRunner use interval"
"subtitles ok"
"now job is null, starting use interval"
"now job is null, starting use interval"
"job: undefined, success"
"now job is null, starting use interval"
"dowloadPicture job: 9b228595fad8608e11f77f78c90677d1df0625e8.png@600w_800h_1e_1c_1f.webp already exist"
"now dowloadPictureRunner use interval"
"now job is null, starting use interval"
{}
"job: undefined, Error"
{}
"job: undefined, Error"
"subtitles ok"
"job: undefined, success"
"subtitles ok"
"job: undefined, success"
"subtitles ok"
"job: undefined, success"
"subtitles ok"
"job: undefined, success"
"subtitles ok"
"Connected to MongoDB"
"try getting"
[]
"Connected to MongoDB"
"Process bilibili bstation, Done."
"now dowloadPictureRunner use interval"
"creating dir"
"subtitles ok"
"now job is null, starting use interval"
"now job is null, starting use interval"
"job: undefined, success"
"subtitles ok"
"Connected to MongoDB"
"try getting"
[]
"Connected to MongoDB"
"Process bilibili bstation, Done."
"now dowloadPictureRunner use interval"
"now job is null, starting use interval"
"now job is null, starting use interval"
"now job is null, starting use interval"
"dowloadPicture job: 9b228595fad8608e11f77f78c90677d1df0625e8.png@600w_800h_1e_1c_1f.webp already exist"
"now dowloadPictureRunner use interval"
"now job is null, starting use interval"
{}
"job: undefined, Error"
"creating dir"
"subtitles ok"
"job: undefined, success"
"subtitles ok"
"job: undefined, success"
"subtitles ok"
"job: undefined, success"
"subtitles ok"
"job: undefined, success"
"subtitles ok"
"job: undefined, success"
"subtitles ok"
"job: undefined, success"
"subtitles ok"
"job: undefined, success"
"subtitles ok"
"job: undefined, success"
"subtitles ok"
"job: undefined, success"
"subtitles ok"
"job: undefined, success"
"subtitles ok"
"job: undefined, success"
"subtitles ok"
"job: undefined, success"
